<?xml version="1.0" encoding="UTF-8"?>
<testng-results ignored="0" total="8" passed="7" failed="1" skipped="0">
  <reporter-output>
    <line>
      <![CDATA[run]]>
    </line>
    <line>
      <![CDATA[jnnnr]]>
    </line>
    <line>
      <![CDATA[sent the message]]>
    </line>
    <line>
      <![CDATA[sent the message]]>
    </line>
    <line>
      <![CDATA[sent the message]]>
    </line>
    <line>
      <![CDATA[sent the message]]>
    </line>
    <line>
      <![CDATA[sent the message]]>
    </line>
    <line>
      <![CDATA[sent the message]]>
    </line>
  </reporter-output>
  <suite started-at="2021-07-16T10:33:19Z" name="Default suite" finished-at="2021-07-16T10:33:19Z" duration-ms="69">
    <groups>
    </groups>
    <test started-at="2021-07-16T10:33:19Z" name="Default test" finished-at="2021-07-16T10:33:19Z" duration-ms="69">
      <class name="testngscripts.demo">
        <test-method signature="run()[pri:-2, instance:testngscripts.demo@6cb6decd]" started-at="2021-07-16T10:33:19Z" name="run" finished-at="2021-07-16T10:33:19Z" duration-ms="11" status="PASS">
          <reporter-output>
            <line>
              <![CDATA[run]]>
            </line>
          </reporter-output>
        </test-method> <!-- run -->
        <test-method signature="demo1()[pri:-1, instance:testngscripts.demo@6cb6decd]" started-at="2021-07-16T10:33:19Z" name="demo1" finished-at="2021-07-16T10:33:19Z" duration-ms="5" status="FAIL">
          <exception class="java.lang.AssertionError">
            <message>
              <![CDATA[expected [3] but found [5]]]>
            </message>
            <full-stacktrace>
              <![CDATA[java.lang.AssertionError: expected [3] but found [5]
at org.testng.Assert.fail(Assert.java:96)
at org.testng.Assert.failNotEquals(Assert.java:776)
at org.testng.Assert.assertEqualsImpl(Assert.java:137)
at org.testng.Assert.assertEquals(Assert.java:118)
at org.testng.Assert.assertEquals(Assert.java:652)
at org.testng.Assert.assertEquals(Assert.java:662)
at testngscripts.demo.demo1(demo.java:13)
at java.base/jdk.internal.reflect.NativeMethodAccessorImpl.invoke0(Native Method)
at java.base/jdk.internal.reflect.NativeMethodAccessorImpl.invoke(NativeMethodAccessorImpl.java:64)
at java.base/jdk.internal.reflect.DelegatingMethodAccessorImpl.invoke(DelegatingMethodAccessorImpl.java:43)
at java.base/java.lang.reflect.Method.invoke(Method.java:564)
at org.testng.internal.MethodInvocationHelper.invokeMethod(MethodInvocationHelper.java:124)
at org.testng.internal.Invoker.invokeMethod(Invoker.java:583)
at org.testng.internal.Invoker.invokeTestMethod(Invoker.java:719)
at org.testng.internal.Invoker.invokeTestMethods(Invoker.java:989)
at org.testng.internal.TestMethodWorker.invokeTestMethods(TestMethodWorker.java:125)
at org.testng.internal.TestMethodWorker.run(TestMethodWorker.java:109)
at org.testng.TestRunner.privateRun(TestRunner.java:648)
at org.testng.TestRunner.run(TestRunner.java:505)
at org.testng.SuiteRunner.runTest(SuiteRunner.java:455)
at org.testng.SuiteRunner.runSequentially(SuiteRunner.java:450)
at org.testng.SuiteRunner.privateRun(SuiteRunner.java:415)
at org.testng.SuiteRunner.run(SuiteRunner.java:364)
at org.testng.SuiteRunnerWorker.runSuite(SuiteRunnerWorker.java:52)
at org.testng.SuiteRunnerWorker.run(SuiteRunnerWorker.java:84)
at org.testng.TestNG.runSuitesSequentially(TestNG.java:1208)
at org.testng.TestNG.runSuitesLocally(TestNG.java:1137)
at org.testng.TestNG.runSuites(TestNG.java:1049)
at org.testng.TestNG.run(TestNG.java:1017)
at org.testng.remote.AbstractRemoteTestNG.run(AbstractRemoteTestNG.java:115)
at org.testng.remote.RemoteTestNG.initAndRun(RemoteTestNG.java:251)
at org.testng.remote.RemoteTestNG.main(RemoteTestNG.java:77)
]]>
            </full-stacktrace>
          </exception> <!-- java.lang.AssertionError -->
          <reporter-output>
            <line>
              <![CDATA[jnnnr]]>
            </line>
          </reporter-output>
        </test-method> <!-- demo1 -->
        <test-method signature="sent()[pri:2, instance:testngscripts.demo@6cb6decd]" started-at="2021-07-16T10:33:19Z" name="sent" finished-at="2021-07-16T10:33:19Z" duration-ms="1" status="PASS">
          <reporter-output>
            <line>
              <![CDATA[sent the message]]>
            </line>
          </reporter-output>
        </test-method> <!-- sent -->
        <test-method signature="sent()[pri:2, instance:testngscripts.demo@6cb6decd]" started-at="2021-07-16T10:33:19Z" name="sent" finished-at="2021-07-16T10:33:19Z" duration-ms="1" status="PASS">
          <reporter-output>
            <line>
              <![CDATA[sent the message]]>
            </line>
          </reporter-output>
        </test-method> <!-- sent -->
        <test-method signature="sent()[pri:2, instance:testngscripts.demo@6cb6decd]" started-at="2021-07-16T10:33:19Z" name="sent" finished-at="2021-07-16T10:33:19Z" duration-ms="1" status="PASS">
          <reporter-output>
            <line>
              <![CDATA[sent the message]]>
            </line>
          </reporter-output>
        </test-method> <!-- sent -->
        <test-method signature="sent()[pri:2, instance:testngscripts.demo@6cb6decd]" started-at="2021-07-16T10:33:19Z" name="sent" finished-at="2021-07-16T10:33:19Z" duration-ms="2" status="PASS">
          <reporter-output>
            <line>
              <![CDATA[sent the message]]>
            </line>
          </reporter-output>
        </test-method> <!-- sent -->
        <test-method signature="sent()[pri:2, instance:testngscripts.demo@6cb6decd]" started-at="2021-07-16T10:33:19Z" name="sent" finished-at="2021-07-16T10:33:19Z" duration-ms="1" status="PASS">
          <reporter-output>
            <line>
              <![CDATA[sent the message]]>
            </line>
          </reporter-output>
        </test-method> <!-- sent -->
        <test-method signature="sent()[pri:2, instance:testngscripts.demo@6cb6decd]" started-at="2021-07-16T10:33:19Z" name="sent" finished-at="2021-07-16T10:33:19Z" duration-ms="2" status="PASS">
          <reporter-output>
            <line>
              <![CDATA[sent the message]]>
            </line>
          </reporter-output>
        </test-method> <!-- sent -->
      </class> <!-- testngscripts.demo -->
    </test> <!-- Default test -->
  </suite> <!-- Default suite -->
</testng-results>
